<?xml version="1.0" encoding="UTF-8"?>
<testsuite xmlns:xsi="http://www.w3.org/2001/XMLSchema-instance" xsi:noNamespaceSchemaLocation="https://maven.apache.org/surefire/maven-surefire-plugin/xsd/surefire-test-report.xsd" name="com.alibaba.dubboadmin.DubboAdminApplicationTests" time="0.094" tests="1" errors="0" skipped="0" failures="0">
  <properties>
    <property name="java.specification.version" value="16"/>
    <property name="sun.cpu.isalist" value="amd64"/>
    <property name="sun.jnu.encoding" value="GBK"/>
    <property name="java.class.path" value="D:\workspace\dubbo-admin\target\test-classes;D:\workspace\dubbo-admin\target\classes;D:\repo\org\springframework\boot\spring-boot-starter-web\2.0.2.RELEASE\spring-boot-starter-web-2.0.2.RELEASE.jar;D:\repo\org\springframework\boot\spring-boot-starter\2.0.2.RELEASE\spring-boot-starter-2.0.2.RELEASE.jar;D:\repo\org\springframework\boot\spring-boot\2.0.2.RELEASE\spring-boot-2.0.2.RELEASE.jar;D:\repo\org\springframework\boot\spring-boot-autoconfigure\2.0.2.RELEASE\spring-boot-autoconfigure-2.0.2.RELEASE.jar;D:\repo\org\springframework\boot\spring-boot-starter-logging\2.0.2.RELEASE\spring-boot-starter-logging-2.0.2.RELEASE.jar;D:\repo\ch\qos\logback\logback-classic\1.2.3\logback-classic-1.2.3.jar;D:\repo\ch\qos\logback\logback-core\1.2.3\logback-core-1.2.3.jar;D:\repo\org\apache\logging\log4j\log4j-to-slf4j\2.10.0\log4j-to-slf4j-2.10.0.jar;D:\repo\org\apache\logging\log4j\log4j-api\2.10.0\log4j-api-2.10.0.jar;D:\repo\org\slf4j\jul-to-slf4j\1.7.25\jul-to-slf4j-1.7.25.jar;D:\repo\javax\annotation\javax.annotation-api\1.3.2\javax.annotation-api-1.3.2.jar;D:\repo\org\yaml\snakeyaml\1.19\snakeyaml-1.19.jar;D:\repo\org\springframework\boot\spring-boot-starter-json\2.0.2.RELEASE\spring-boot-starter-json-2.0.2.RELEASE.jar;D:\repo\com\fasterxml\jackson\core\jackson-databind\2.9.5\jackson-databind-2.9.5.jar;D:\repo\com\fasterxml\jackson\core\jackson-annotations\2.9.0\jackson-annotations-2.9.0.jar;D:\repo\com\fasterxml\jackson\core\jackson-core\2.9.5\jackson-core-2.9.5.jar;D:\repo\com\fasterxml\jackson\datatype\jackson-datatype-jdk8\2.9.5\jackson-datatype-jdk8-2.9.5.jar;D:\repo\com\fasterxml\jackson\datatype\jackson-datatype-jsr310\2.9.5\jackson-datatype-jsr310-2.9.5.jar;D:\repo\com\fasterxml\jackson\module\jackson-module-parameter-names\2.9.5\jackson-module-parameter-names-2.9.5.jar;D:\repo\org\springframework\boot\spring-boot-starter-tomcat\2.0.2.RELEASE\spring-boot-starter-tomcat-2.0.2.RELEASE.jar;D:\repo\org\apache\tomcat\embed\tomcat-embed-core\8.5.31\tomcat-embed-core-8.5.31.jar;D:\repo\org\apache\tomcat\embed\tomcat-embed-el\8.5.31\tomcat-embed-el-8.5.31.jar;D:\repo\org\apache\tomcat\embed\tomcat-embed-websocket\8.5.31\tomcat-embed-websocket-8.5.31.jar;D:\repo\org\hibernate\validator\hibernate-validator\6.0.9.Final\hibernate-validator-6.0.9.Final.jar;D:\repo\javax\validation\validation-api\2.0.1.Final\validation-api-2.0.1.Final.jar;D:\repo\org\jboss\logging\jboss-logging\3.3.2.Final\jboss-logging-3.3.2.Final.jar;D:\repo\com\fasterxml\classmate\1.3.4\classmate-1.3.4.jar;D:\repo\org\springframework\spring-web\5.0.6.RELEASE\spring-web-5.0.6.RELEASE.jar;D:\repo\org\springframework\spring-beans\5.0.6.RELEASE\spring-beans-5.0.6.RELEASE.jar;D:\repo\org\springframework\spring-webmvc\5.0.6.RELEASE\spring-webmvc-5.0.6.RELEASE.jar;D:\repo\org\springframework\spring-aop\5.0.6.RELEASE\spring-aop-5.0.6.RELEASE.jar;D:\repo\org\springframework\spring-expression\5.0.6.RELEASE\spring-expression-5.0.6.RELEASE.jar;D:\repo\org\springframework\boot\spring-boot-starter-test\2.0.2.RELEASE\spring-boot-starter-test-2.0.2.RELEASE.jar;D:\repo\org\springframework\boot\spring-boot-test\2.0.2.RELEASE\spring-boot-test-2.0.2.RELEASE.jar;D:\repo\org\springframework\boot\spring-boot-test-autoconfigure\2.0.2.RELEASE\spring-boot-test-autoconfigure-2.0.2.RELEASE.jar;D:\repo\com\jayway\jsonpath\json-path\2.4.0\json-path-2.4.0.jar;D:\repo\net\minidev\json-smart\2.3\json-smart-2.3.jar;D:\repo\net\minidev\accessors-smart\1.2\accessors-smart-1.2.jar;D:\repo\org\ow2\asm\asm\5.0.4\asm-5.0.4.jar;D:\repo\org\slf4j\slf4j-api\1.7.25\slf4j-api-1.7.25.jar;D:\repo\junit\junit\4.12\junit-4.12.jar;D:\repo\org\assertj\assertj-core\3.9.1\assertj-core-3.9.1.jar;D:\repo\org\mockito\mockito-core\2.15.0\mockito-core-2.15.0.jar;D:\repo\net\bytebuddy\byte-buddy\1.7.11\byte-buddy-1.7.11.jar;D:\repo\net\bytebuddy\byte-buddy-agent\1.7.11\byte-buddy-agent-1.7.11.jar;D:\repo\org\objenesis\objenesis\2.6\objenesis-2.6.jar;D:\repo\org\hamcrest\hamcrest-core\1.3\hamcrest-core-1.3.jar;D:\repo\org\hamcrest\hamcrest-library\1.3\hamcrest-library-1.3.jar;D:\repo\org\skyscreamer\jsonassert\1.5.0\jsonassert-1.5.0.jar;D:\repo\com\vaadin\external\google\android-json\0.0.20131108.vaadin1\android-json-0.0.20131108.vaadin1.jar;D:\repo\org\springframework\spring-core\5.0.6.RELEASE\spring-core-5.0.6.RELEASE.jar;D:\repo\org\springframework\spring-jcl\5.0.6.RELEASE\spring-jcl-5.0.6.RELEASE.jar;D:\repo\org\springframework\spring-test\5.0.6.RELEASE\spring-test-5.0.6.RELEASE.jar;D:\repo\org\xmlunit\xmlunit-core\2.5.1\xmlunit-core-2.5.1.jar;D:\repo\com\alibaba\boot\velocity-spring-boot-starter\0.1.0\velocity-spring-boot-starter-0.1.0.jar;D:\repo\com\alibaba\boot\velocity-spring-boot-autoconfigure\0.1.0\velocity-spring-boot-autoconfigure-0.1.0.jar;D:\repo\com\alibaba\spring\spring-context-velocity\1.4.3.18.RELEASE\spring-context-velocity-1.4.3.18.RELEASE.jar;D:\repo\com\alibaba\spring\spring-webmvc-velocity\1.4.3.18.RELEASE\spring-webmvc-velocity-1.4.3.18.RELEASE.jar;D:\repo\com\alibaba\boot\spring-boot-web-support\1.0.0.RELEASE\spring-boot-web-support-1.0.0.RELEASE.jar;D:\repo\com\alibaba\spring\spring-webmvc-support\1.0.0.RELEASE\spring-webmvc-support-1.0.0.RELEASE.jar;D:\repo\com\alibaba\spring\spring-context-support\1.0.0.RELEASE\spring-context-support-1.0.0.RELEASE.jar;D:\repo\org\apache\velocity\velocity\1.7\velocity-1.7.jar;D:\repo\commons-collections\commons-collections\3.2.1\commons-collections-3.2.1.jar;D:\repo\commons-lang\commons-lang\2.4\commons-lang-2.4.jar;D:\repo\org\apache\velocity\velocity-tools\2.0\velocity-tools-2.0.jar;D:\repo\commons-beanutils\commons-beanutils\1.7.0\commons-beanutils-1.7.0.jar;D:\repo\commons-digester\commons-digester\1.8\commons-digester-1.8.jar;D:\repo\commons-chain\commons-chain\1.1\commons-chain-1.1.jar;D:\repo\commons-logging\commons-logging\1.1\commons-logging-1.1.jar;D:\repo\commons-validator\commons-validator\1.3.1\commons-validator-1.3.1.jar;D:\repo\dom4j\dom4j\1.6.1\dom4j-1.6.1.jar;D:\repo\xml-apis\xml-apis\1.4.01\xml-apis-1.4.01.jar;D:\repo\oro\oro\2.0.8\oro-2.0.8.jar;D:\repo\sslext\sslext\1.2-0\sslext-1.2-0.jar;D:\repo\org\apache\commons\commons-lang3\3.7\commons-lang3-3.7.jar;D:\repo\com\alibaba\dubbo\2.6.2\dubbo-2.6.2.jar;D:\repo\org\springframework\spring-context\5.0.6.RELEASE\spring-context-5.0.6.RELEASE.jar;D:\repo\org\javassist\javassist\3.20.0-GA\javassist-3.20.0-GA.jar;D:\repo\org\jboss\netty\netty\3.2.5.Final\netty-3.2.5.Final.jar;D:\repo\org\apache\curator\curator-framework\2.12.0\curator-framework-2.12.0.jar;D:\repo\org\apache\curator\curator-client\2.12.0\curator-client-2.12.0.jar;D:\repo\org\apache\zookeeper\zookeeper\3.4.8\zookeeper-3.4.8.jar;D:\repo\log4j\log4j\1.2.16\log4j-1.2.16.jar;D:\repo\jline\jline\0.9.94\jline-0.9.94.jar;D:\repo\io\netty\netty\3.7.0.Final\netty-3.7.0.Final.jar;D:\repo\com\google\guava\guava\16.0.1\guava-16.0.1.jar;D:\repo\com\alibaba\fastjson\1.2.46\fastjson-1.2.46.jar;"/>
    <property name="java.vm.vendor" value="Oracle Corporation"/>
    <property name="sun.arch.data.model" value="64"/>
    <property name="user.variant" value=""/>
    <property name="java.vendor.url" value="https://java.oracle.com/"/>
    <property name="os.name" value="Windows 10"/>
    <property name="java.vm.specification.version" value="16"/>
    <property name="sun.java.launcher" value="SUN_STANDARD"/>
    <property name="user.country" value="CN"/>
    <property name="sun.boot.library.path" value="D:\eclipse\plugins\org.eclipse.justj.openjdk.hotspot.jre.full.win32.x86_64_16.0.2.v20210721-1149\jre\bin"/>
    <property name="sun.java.command" value="C:\Users\ADMINI~1\AppData\Local\Temp\surefire9227244277636995869\surefirebooter16666019384804249605.jar C:\Users\Administrator\AppData\Local\Temp\surefire9227244277636995869 2022-10-05T13-27-04_531-jvmRun1 surefire9530584876010702507tmp surefire_011280807325845815998tmp"/>
    <property name="jdk.debug" value="release"/>
    <property name="surefire.test.class.path" value="D:\workspace\dubbo-admin\target\test-classes;D:\workspace\dubbo-admin\target\classes;D:\repo\org\springframework\boot\spring-boot-starter-web\2.0.2.RELEASE\spring-boot-starter-web-2.0.2.RELEASE.jar;D:\repo\org\springframework\boot\spring-boot-starter\2.0.2.RELEASE\spring-boot-starter-2.0.2.RELEASE.jar;D:\repo\org\springframework\boot\spring-boot\2.0.2.RELEASE\spring-boot-2.0.2.RELEASE.jar;D:\repo\org\springframework\boot\spring-boot-autoconfigure\2.0.2.RELEASE\spring-boot-autoconfigure-2.0.2.RELEASE.jar;D:\repo\org\springframework\boot\spring-boot-starter-logging\2.0.2.RELEASE\spring-boot-starter-logging-2.0.2.RELEASE.jar;D:\repo\ch\qos\logback\logback-classic\1.2.3\logback-classic-1.2.3.jar;D:\repo\ch\qos\logback\logback-core\1.2.3\logback-core-1.2.3.jar;D:\repo\org\apache\logging\log4j\log4j-to-slf4j\2.10.0\log4j-to-slf4j-2.10.0.jar;D:\repo\org\apache\logging\log4j\log4j-api\2.10.0\log4j-api-2.10.0.jar;D:\repo\org\slf4j\jul-to-slf4j\1.7.25\jul-to-slf4j-1.7.25.jar;D:\repo\javax\annotation\javax.annotation-api\1.3.2\javax.annotation-api-1.3.2.jar;D:\repo\org\yaml\snakeyaml\1.19\snakeyaml-1.19.jar;D:\repo\org\springframework\boot\spring-boot-starter-json\2.0.2.RELEASE\spring-boot-starter-json-2.0.2.RELEASE.jar;D:\repo\com\fasterxml\jackson\core\jackson-databind\2.9.5\jackson-databind-2.9.5.jar;D:\repo\com\fasterxml\jackson\core\jackson-annotations\2.9.0\jackson-annotations-2.9.0.jar;D:\repo\com\fasterxml\jackson\core\jackson-core\2.9.5\jackson-core-2.9.5.jar;D:\repo\com\fasterxml\jackson\datatype\jackson-datatype-jdk8\2.9.5\jackson-datatype-jdk8-2.9.5.jar;D:\repo\com\fasterxml\jackson\datatype\jackson-datatype-jsr310\2.9.5\jackson-datatype-jsr310-2.9.5.jar;D:\repo\com\fasterxml\jackson\module\jackson-module-parameter-names\2.9.5\jackson-module-parameter-names-2.9.5.jar;D:\repo\org\springframework\boot\spring-boot-starter-tomcat\2.0.2.RELEASE\spring-boot-starter-tomcat-2.0.2.RELEASE.jar;D:\repo\org\apache\tomcat\embed\tomcat-embed-core\8.5.31\tomcat-embed-core-8.5.31.jar;D:\repo\org\apache\tomcat\embed\tomcat-embed-el\8.5.31\tomcat-embed-el-8.5.31.jar;D:\repo\org\apache\tomcat\embed\tomcat-embed-websocket\8.5.31\tomcat-embed-websocket-8.5.31.jar;D:\repo\org\hibernate\validator\hibernate-validator\6.0.9.Final\hibernate-validator-6.0.9.Final.jar;D:\repo\javax\validation\validation-api\2.0.1.Final\validation-api-2.0.1.Final.jar;D:\repo\org\jboss\logging\jboss-logging\3.3.2.Final\jboss-logging-3.3.2.Final.jar;D:\repo\com\fasterxml\classmate\1.3.4\classmate-1.3.4.jar;D:\repo\org\springframework\spring-web\5.0.6.RELEASE\spring-web-5.0.6.RELEASE.jar;D:\repo\org\springframework\spring-beans\5.0.6.RELEASE\spring-beans-5.0.6.RELEASE.jar;D:\repo\org\springframework\spring-webmvc\5.0.6.RELEASE\spring-webmvc-5.0.6.RELEASE.jar;D:\repo\org\springframework\spring-aop\5.0.6.RELEASE\spring-aop-5.0.6.RELEASE.jar;D:\repo\org\springframework\spring-expression\5.0.6.RELEASE\spring-expression-5.0.6.RELEASE.jar;D:\repo\org\springframework\boot\spring-boot-starter-test\2.0.2.RELEASE\spring-boot-starter-test-2.0.2.RELEASE.jar;D:\repo\org\springframework\boot\spring-boot-test\2.0.2.RELEASE\spring-boot-test-2.0.2.RELEASE.jar;D:\repo\org\springframework\boot\spring-boot-test-autoconfigure\2.0.2.RELEASE\spring-boot-test-autoconfigure-2.0.2.RELEASE.jar;D:\repo\com\jayway\jsonpath\json-path\2.4.0\json-path-2.4.0.jar;D:\repo\net\minidev\json-smart\2.3\json-smart-2.3.jar;D:\repo\net\minidev\accessors-smart\1.2\accessors-smart-1.2.jar;D:\repo\org\ow2\asm\asm\5.0.4\asm-5.0.4.jar;D:\repo\org\slf4j\slf4j-api\1.7.25\slf4j-api-1.7.25.jar;D:\repo\junit\junit\4.12\junit-4.12.jar;D:\repo\org\assertj\assertj-core\3.9.1\assertj-core-3.9.1.jar;D:\repo\org\mockito\mockito-core\2.15.0\mockito-core-2.15.0.jar;D:\repo\net\bytebuddy\byte-buddy\1.7.11\byte-buddy-1.7.11.jar;D:\repo\net\bytebuddy\byte-buddy-agent\1.7.11\byte-buddy-agent-1.7.11.jar;D:\repo\org\objenesis\objenesis\2.6\objenesis-2.6.jar;D:\repo\org\hamcrest\hamcrest-core\1.3\hamcrest-core-1.3.jar;D:\repo\org\hamcrest\hamcrest-library\1.3\hamcrest-library-1.3.jar;D:\repo\org\skyscreamer\jsonassert\1.5.0\jsonassert-1.5.0.jar;D:\repo\com\vaadin\external\google\android-json\0.0.20131108.vaadin1\android-json-0.0.20131108.vaadin1.jar;D:\repo\org\springframework\spring-core\5.0.6.RELEASE\spring-core-5.0.6.RELEASE.jar;D:\repo\org\springframework\spring-jcl\5.0.6.RELEASE\spring-jcl-5.0.6.RELEASE.jar;D:\repo\org\springframework\spring-test\5.0.6.RELEASE\spring-test-5.0.6.RELEASE.jar;D:\repo\org\xmlunit\xmlunit-core\2.5.1\xmlunit-core-2.5.1.jar;D:\repo\com\alibaba\boot\velocity-spring-boot-starter\0.1.0\velocity-spring-boot-starter-0.1.0.jar;D:\repo\com\alibaba\boot\velocity-spring-boot-autoconfigure\0.1.0\velocity-spring-boot-autoconfigure-0.1.0.jar;D:\repo\com\alibaba\spring\spring-context-velocity\1.4.3.18.RELEASE\spring-context-velocity-1.4.3.18.RELEASE.jar;D:\repo\com\alibaba\spring\spring-webmvc-velocity\1.4.3.18.RELEASE\spring-webmvc-velocity-1.4.3.18.RELEASE.jar;D:\repo\com\alibaba\boot\spring-boot-web-support\1.0.0.RELEASE\spring-boot-web-support-1.0.0.RELEASE.jar;D:\repo\com\alibaba\spring\spring-webmvc-support\1.0.0.RELEASE\spring-webmvc-support-1.0.0.RELEASE.jar;D:\repo\com\alibaba\spring\spring-context-support\1.0.0.RELEASE\spring-context-support-1.0.0.RELEASE.jar;D:\repo\org\apache\velocity\velocity\1.7\velocity-1.7.jar;D:\repo\commons-collections\commons-collections\3.2.1\commons-collections-3.2.1.jar;D:\repo\commons-lang\commons-lang\2.4\commons-lang-2.4.jar;D:\repo\org\apache\velocity\velocity-tools\2.0\velocity-tools-2.0.jar;D:\repo\commons-beanutils\commons-beanutils\1.7.0\commons-beanutils-1.7.0.jar;D:\repo\commons-digester\commons-digester\1.8\commons-digester-1.8.jar;D:\repo\commons-chain\commons-chain\1.1\commons-chain-1.1.jar;D:\repo\commons-logging\commons-logging\1.1\commons-logging-1.1.jar;D:\repo\commons-validator\commons-validator\1.3.1\commons-validator-1.3.1.jar;D:\repo\dom4j\dom4j\1.6.1\dom4j-1.6.1.jar;D:\repo\xml-apis\xml-apis\1.4.01\xml-apis-1.4.01.jar;D:\repo\oro\oro\2.0.8\oro-2.0.8.jar;D:\repo\sslext\sslext\1.2-0\sslext-1.2-0.jar;D:\repo\org\apache\commons\commons-lang3\3.7\commons-lang3-3.7.jar;D:\repo\com\alibaba\dubbo\2.6.2\dubbo-2.6.2.jar;D:\repo\org\springframework\spring-context\5.0.6.RELEASE\spring-context-5.0.6.RELEASE.jar;D:\repo\org\javassist\javassist\3.20.0-GA\javassist-3.20.0-GA.jar;D:\repo\org\jboss\netty\netty\3.2.5.Final\netty-3.2.5.Final.jar;D:\repo\org\apache\curator\curator-framework\2.12.0\curator-framework-2.12.0.jar;D:\repo\org\apache\curator\curator-client\2.12.0\curator-client-2.12.0.jar;D:\repo\org\apache\zookeeper\zookeeper\3.4.8\zookeeper-3.4.8.jar;D:\repo\log4j\log4j\1.2.16\log4j-1.2.16.jar;D:\repo\jline\jline\0.9.94\jline-0.9.94.jar;D:\repo\io\netty\netty\3.7.0.Final\netty-3.7.0.Final.jar;D:\repo\com\google\guava\guava\16.0.1\guava-16.0.1.jar;D:\repo\com\alibaba\fastjson\1.2.46\fastjson-1.2.46.jar;"/>
    <property name="sun.cpu.endian" value="little"/>
    <property name="user.home" value="C:\Users\Administrator"/>
    <property name="user.language" value="zh"/>
    <property name="java.specification.vendor" value="Oracle Corporation"/>
    <property name="java.version.date" value="2021-07-20"/>
    <property name="java.home" value="D:\eclipse\plugins\org.eclipse.justj.openjdk.hotspot.jre.full.win32.x86_64_16.0.2.v20210721-1149\jre"/>
    <property name="file.separator" value="\"/>
    <property name="basedir" value="D:\workspace\dubbo-admin"/>
    <property name="java.vm.compressedOopsMode" value="32-bit"/>
    <property name="line.separator" value="&#10;"/>
    <property name="java.specification.name" value="Java Platform API Specification"/>
    <property name="java.vm.specification.vendor" value="Oracle Corporation"/>
    <property name="surefire.real.class.path" value="C:\Users\ADMINI~1\AppData\Local\Temp\surefire9227244277636995869\surefirebooter16666019384804249605.jar"/>
    <property name="user.script" value=""/>
    <property name="sun.management.compiler" value="HotSpot 64-Bit Tiered Compilers"/>
    <property name="java.runtime.version" value="16.0.2+7-67"/>
    <property name="user.name" value="Administrator"/>
    <property name="path.separator" value=";"/>
    <property name="os.version" value="10.0"/>
    <property name="java.runtime.name" value="OpenJDK Runtime Environment"/>
    <property name="file.encoding" value="GBK"/>
    <property name="java.vm.name" value="OpenJDK 64-Bit Server VM"/>
    <property name="localRepository" value="D:\repo"/>
    <property name="java.vendor.url.bug" value="https://bugreport.java.com/bugreport/"/>
    <property name="java.io.tmpdir" value="C:\Users\ADMINI~1\AppData\Local\Temp\"/>
    <property name="java.version" value="16.0.2"/>
    <property name="user.dir" value="D:\workspace\dubbo-admin"/>
    <property name="os.arch" value="amd64"/>
    <property name="java.vm.specification.name" value="Java Virtual Machine Specification"/>
    <property name="sun.os.patch.level" value=""/>
    <property name="java.library.path" value="D:\eclipse\plugins\org.eclipse.justj.openjdk.hotspot.jre.full.win32.x86_64_16.0.2.v20210721-1149\jre\bin;C:\Windows\Sun\Java\bin;C:\Windows\system32;C:\Windows;D:/eclipse//plugins/org.eclipse.justj.openjdk.hotspot.jre.full.win32.x86_64_16.0.2.v20210721-1149/jre/bin/server;D:/eclipse//plugins/org.eclipse.justj.openjdk.hotspot.jre.full.win32.x86_64_16.0.2.v20210721-1149/jre/bin;C:\ProgramData\Oracle\Java\javapath;C:\Windows\system32;C:\Windows;C:\Windows\System32\Wbem;C:\Windows\System32\WindowsPowerShell\v1.0\;C:\Windows\System32\OpenSSH\;D:\java\jdk\bin;D:\apache-maven-3.8.3\bin;C:\Users\Administrator\AppData\Local\Microsoft\WindowsApps;;D:\eclipse;;."/>
    <property name="java.vm.info" value="mixed mode"/>
    <property name="java.vendor" value="Oracle Corporation"/>
    <property name="java.vm.version" value="16.0.2+7-67"/>
    <property name="sun.io.unicode.encoding" value="UnicodeLittle"/>
    <property name="java.class.version" value="60.0"/>
  </properties>
  <testcase name="contextLoads" classname="com.alibaba.dubboadmin.DubboAdminApplicationTests" time="0.003"/>
</testsuite>